<?xml version="1.0" encoding="UTF-8" ?>
<testsuite failures="0" time="0.049" errors="0" skipped="0" tests="15" name="org.mule.munit.AssertModuleTest">
  <properties>
[...]
</properties>
  <testcase time="0.003" classname="org.mule.munit.AssertModuleTest" name="assertPayloadOkWithEmptyMessage"/>
  <testcase time="0.001" classname="org.mule.munit.AssertModuleTest" name="assertPayloadFailWithEmptyMessage"/>
  <testcase time="0" classname="org.mule.munit.AssertModuleTest" name="assertTrueOkWithTrueValues"/>
  <testcase time="0" classname="org.mule.munit.AssertModuleTest" name="assertTrueRejectsFalseValues"/>
  <testcase time="0" classname="org.mule.munit.AssertModuleTest" name="assertOnEqualsOk"/>
  <testcase time="0" classname="org.mule.munit.AssertModuleTest" name="assertOnEqualsFail"/>
  <testcase time="0" classname="org.mule.munit.AssertModuleTest" name="assertNotSameFail"/>
  <testcase time="0" classname="org.mule.munit.AssertModuleTest" name="assertNotSameOk"/>
  <testcase time="0.001" classname="org.mule.munit.AssertModuleTest" name="assertTrueFail"/>
  <testcase time="0" classname="org.mule.munit.AssertModuleTest" name="assertFalseOk"/>
  <testcase time="0.001" classname="org.mule.munit.AssertModuleTest" name="assertNotNullFail"/>
  <testcase time="0" classname="org.mule.munit.AssertModuleTest" name="assertNotNullOk"/>
  <testcase time="0" classname="org.mule.munit.AssertModuleTest" name="assertNullFail"/>
  <testcase time="0" classname="org.mule.munit.AssertModuleTest" name="assertNullOk"/>
  <testcase time="0.001" classname="org.mule.munit.AssertModuleTest" name="assertFail"/>
</testsuite>