<?xml version="1.0" encoding="UTF-8" ?>
<testsuite failures="1" time="15.943" errors="0" skipped="0" tests="1" name="org.mule.munit.MockModuleTest">
  <properties>
[...]
</properties>
  <testcase time="15.774" classname="org.mule.munit.MockModuleTest" name="testFlow">
    <failure message="expected:&lt;localhost&gt; but was:&lt;class java.lang.String&gt;" type="junit.framework.AssertionFailedError">junit.framework.AssertionFailedError: expected:&lt;localhost&gt; but was:&lt;class java.lang.String&gt;
	at junit.framework.Assert.fail(Assert.java:50)
	at junit.framework.Assert.failNotEquals(Assert.java:287)
	at junit.framework.Assert.assertEquals(Assert.java:67)
	at junit.framework.Assert.assertEquals(Assert.java:74)
	at org.mule.munit.MockModuleTest.runFlowWithPayloadAndExpect(MockModuleTest.java:63)
	at org.mule.munit.MockModuleTest.testFlow(MockModuleTest.java:31)
	at sun.reflect.NativeMethodAccessorImpl.invoke0(Native Method)
	at sun.reflect.NativeMethodAccessorImpl.invoke(NativeMethodAccessorImpl.java:39)
	at sun.reflect.DelegatingMethodAccessorImpl.invoke(DelegatingMethodAccessorImpl.java:25)
	at java.lang.reflect.Method.invoke(Method.java:597)
	at junit.framework.TestCase.runTest(TestCase.java:168)
	at junit.framework.TestCase.runBare(TestCase.java:134)
	at org.mule.tck.AbstractMuleTestCase.runBare(AbstractMuleTestCase.java:303)
	at junit.framework.TestResult$1.protect(TestResult.java:110)
	at junit.framework.TestResult.runProtected(TestResult.java:128)
	at junit.framework.TestResult.run(TestResult.java:113)
	at junit.framework.TestCase.run(TestCase.java:124)
	at org.mule.tck.AbstractMuleTestCase.run(AbstractMuleTestCase.java:282)
	at junit.framework.TestSuite.runTest(TestSuite.java:243)
	at junit.framework.TestSuite.run(TestSuite.java:238)
	at org.junit.internal.runners.JUnit38ClassRunner.run(JUnit38ClassRunner.java:83)
	at org.apache.maven.surefire.junit4.JUnit4TestSet.execute(JUnit4TestSet.java:59)
	at org.apache.maven.surefire.suite.AbstractDirectoryTestSuite.executeTestSet(AbstractDirectoryTestSuite.java:156)
	at org.apache.maven.surefire.suite.AbstractDirectoryTestSuite.execute(AbstractDirectoryTestSuite.java:139)
	at org.apache.maven.surefire.Surefire.run(Surefire.java:169)
	at sun.reflect.NativeMethodAccessorImpl.invoke0(Native Method)
	at sun.reflect.NativeMethodAccessorImpl.invoke(NativeMethodAccessorImpl.java:39)
	at sun.reflect.DelegatingMethodAccessorImpl.invoke(DelegatingMethodAccessorImpl.java:25)
	at java.lang.reflect.Method.invoke(Method.java:597)
	at org.apache.maven.surefire.booter.SurefireBooter.runSuitesInProcess(SurefireBooter.java:350)
	at org.apache.maven.surefire.booter.SurefireBooter.main(SurefireBooter.java:1021)
</failure>
    <system-out>
================================================================================
= Testing: testFlow                                                            =
================================================================================
[10-10 12:31:28] WARN  GenericTypeAwarePropertyDescriptor [main]: Invalid JavaBean property &apos;port&apos; being accessed! Ambiguous write methods found next to actually used [public void org.mule.endpoint.URIBuilder.setPort(java.lang.String)]: [public void org.mule.endpoint.URIBuilder.setPort(int)]
</system-out>
  </testcase>
</testsuite>