<?xml version="1.0" encoding="UTF-8" ?>
<testsuite failures="0" time="0.936" errors="1" skipped="0" tests="1" name="org.mule.tests.FTPServerTest">
  <properties>
[...]
</properties>
  <testcase time="0.251" classname="org.mule.tests.FTPServerTest" name="initializationError">
    <error message="org.mule.api.config.ConfigurationException: Error creating bean with name &apos;ftpServer&apos;: Invocation of init method failed; nested exception is java.lang.NullPointerException (org.mule.api.lifecycle.InitialisationException)" type="java.lang.RuntimeException">java.lang.RuntimeException: org.mule.api.config.ConfigurationException: Error creating bean with name &apos;ftpServer&apos;: Invocation of init method failed; nested exception is java.lang.NullPointerException (org.mule.api.lifecycle.InitialisationException)
	at org.mule.munit.MuleSuiteRunner.&lt;init&gt;(MuleSuiteRunner.java:74)
	at sun.reflect.NativeConstructorAccessorImpl.newInstance0(Native Method)
	at sun.reflect.NativeConstructorAccessorImpl.newInstance(NativeConstructorAccessorImpl.java:39)
	at sun.reflect.DelegatingConstructorAccessorImpl.newInstance(DelegatingConstructorAccessorImpl.java:27)
	at java.lang.reflect.Constructor.newInstance(Constructor.java:513)
	at org.junit.internal.builders.AnnotatedBuilder.buildRunner(AnnotatedBuilder.java:31)
	at org.junit.internal.builders.AnnotatedBuilder.runnerForClass(AnnotatedBuilder.java:24)
	at org.junit.runners.model.RunnerBuilder.safeRunnerForClass(RunnerBuilder.java:57)
	at org.junit.internal.builders.AllDefaultPossibilitiesBuilder.runnerForClass(AllDefaultPossibilitiesBuilder.java:29)
	at org.junit.runners.model.RunnerBuilder.safeRunnerForClass(RunnerBuilder.java:57)
	at org.junit.internal.requests.ClassRequest.getRunner(ClassRequest.java:24)
	at org.apache.maven.surefire.junit4.JUnit4Provider.execute(JUnit4Provider.java:232)
	at org.apache.maven.surefire.junit4.JUnit4Provider.executeTestSet(JUnit4Provider.java:133)
	at org.apache.maven.surefire.junit4.JUnit4Provider.invoke(JUnit4Provider.java:114)
	at sun.reflect.NativeMethodAccessorImpl.invoke0(Native Method)
	at sun.reflect.NativeMethodAccessorImpl.invoke(NativeMethodAccessorImpl.java:39)
	at sun.reflect.DelegatingMethodAccessorImpl.invoke(DelegatingMethodAccessorImpl.java:25)
	at java.lang.reflect.Method.invoke(Method.java:597)
	at org.apache.maven.surefire.util.ReflectionUtils.invokeMethodWithArray(ReflectionUtils.java:188)
	at org.apache.maven.surefire.booter.ProviderFactory$ProviderProxy.invoke(ProviderFactory.java:166)
	at org.apache.maven.surefire.booter.ProviderFactory.invokeProvider(ProviderFactory.java:86)
	at org.apache.maven.surefire.booter.ForkedBooter.runSuitesInProcess(ForkedBooter.java:101)
	at org.apache.maven.surefire.booter.ForkedBooter.main(ForkedBooter.java:74)
Caused by: org.mule.api.config.ConfigurationException: Error creating bean with name &apos;ftpServer&apos;: Invocation of init method failed; nested exception is java.lang.NullPointerException (org.mule.api.lifecycle.InitialisationException)
	at org.mule.config.builders.AbstractConfigurationBuilder.configure(AbstractConfigurationBuilder.java:52)
	at org.mule.config.builders.AbstractResourceConfigurationBuilder.configure(AbstractResourceConfigurationBuilder.java:78)
	at org.mule.context.DefaultMuleContextFactory.createMuleContext(DefaultMuleContextFactory.java:80)
	at org.mule.munit.MuleSuiteRunner.createMuleContext(MuleSuiteRunner.java:179)
	at org.mule.munit.MuleSuiteRunner.&lt;init&gt;(MuleSuiteRunner.java:53)
	... 22 more
Caused by: org.mule.api.lifecycle.InitialisationException: Error creating bean with name &apos;ftpServer&apos;: Invocation of init method failed; nested exception is java.lang.NullPointerException
	at org.mule.registry.AbstractRegistry.initialise(AbstractRegistry.java:117)
	at org.mule.config.spring.SpringXmlConfigurationBuilder.createSpringRegistry(SpringXmlConfigurationBuilder.java:116)
	at org.mule.config.spring.SpringXmlConfigurationBuilder.doConfigure(SpringXmlConfigurationBuilder.java:73)
	at org.mule.config.builders.AbstractConfigurationBuilder.configure(AbstractConfigurationBuilder.java:46)
	... 26 more
Caused by: org.springframework.beans.factory.BeanCreationException: Error creating bean with name &apos;ftpServer&apos;: Invocation of init method failed; nested exception is java.lang.NullPointerException
	at org.springframework.beans.factory.support.AbstractAutowireCapableBeanFactory.initializeBean(AbstractAutowireCapableBeanFactory.java:1412)
	at org.springframework.beans.factory.support.AbstractAutowireCapableBeanFactory.doCreateBean(AbstractAutowireCapableBeanFactory.java:519)
	at org.springframework.beans.factory.support.AbstractAutowireCapableBeanFactory.createBean(AbstractAutowireCapableBeanFactory.java:456)
	at org.springframework.beans.factory.support.AbstractBeanFactory$1.getObject(AbstractBeanFactory.java:291)
	at org.springframework.beans.factory.support.DefaultSingletonBeanRegistry.getSingleton(DefaultSingletonBeanRegistry.java:222)
	at org.springframework.beans.factory.support.AbstractBeanFactory.doGetBean(AbstractBeanFactory.java:288)
	at org.springframework.beans.factory.support.AbstractBeanFactory.getBean(AbstractBeanFactory.java:190)
	at org.springframework.beans.factory.support.DefaultListableBeanFactory.preInstantiateSingletons(DefaultListableBeanFactory.java:574)
	at org.springframework.context.support.AbstractApplicationContext.finishBeanFactoryInitialization(AbstractApplicationContext.java:895)
	at org.springframework.context.support.AbstractApplicationContext.refresh(AbstractApplicationContext.java:425)
	at org.mule.config.spring.SpringRegistry.doInitialise(SpringRegistry.java:89)
	at org.mule.registry.AbstractRegistry.initialise(AbstractRegistry.java:109)
	... 29 more
Caused by: java.lang.NullPointerException
	at org.mule.munit.FTPServerModule.initialise(FTPServerModule.java:93)
	at org.mule.munit.config.FTPServerModuleLifecycleAdapter.initialise(FTPServerModuleLifecycleAdapter.java:59)
	at sun.reflect.NativeMethodAccessorImpl.invoke0(Native Method)
	at sun.reflect.NativeMethodAccessorImpl.invoke(NativeMethodAccessorImpl.java:39)
	at sun.reflect.DelegatingMethodAccessorImpl.invoke(DelegatingMethodAccessorImpl.java:25)
	at java.lang.reflect.Method.invoke(Method.java:597)
	at org.springframework.beans.factory.support.AbstractAutowireCapableBeanFactory.invokeCustomInitMethod(AbstractAutowireCapableBeanFactory.java:1536)
	at org.springframework.beans.factory.support.AbstractAutowireCapableBeanFactory.invokeInitMethods(AbstractAutowireCapableBeanFactory.java:1477)
	at org.springframework.beans.factory.support.AbstractAutowireCapableBeanFactory.initializeBean(AbstractAutowireCapableBeanFactory.java:1409)
	... 40 more
</error>
    <system-out>[03-10 11:14:20] WARN  TransientRegistry [main]: TransientRegistry already contains an object named &apos;appleService&apos;.  The previous object will be overwritten.
[03-10 11:14:20] WARN  TransientRegistry [main]: TransientRegistry already contains an object named &apos;threadpool.appleService&apos;.  The previous object will be overwritten.
[03-10 11:14:20] WARN  TransientRegistry [main]: TransientRegistry already contains an object named &apos;threadpool.testConnector.receiver&apos;.  The previous object will be overwritten.
[03-10 11:14:20] WARN  TransientRegistry [main]: TransientRegistry already contains an object named &apos;threadpool.testConnector.dispatcher&apos;.  The previous object will be overwritten.
[03-10 11:14:20] WARN  TransientRegistry [main]: TransientRegistry already contains an object named &apos;threadpool.testConnector.requester&apos;.  The previous object will be overwritten.
</system-out>
  </testcase>
</testsuite>